<?xml version="1.0" encoding="UTF-8"?>
<!-- Generated by org.testng.reporters.JUnitReportReporter -->
<testsuite hostname="DESKTOP-3OK3SMK" failures="0" tests="3" name="com.demo.Bankmanagerlogin" time="28.036" errors="0" timestamp="2023-11-28T10:58:12 IST" skipped="0">
  <testcase classname="com.demo.Bankmanagerlogin" name="loginPage" time="2.226"/>
  <testcase classname="com.demo.Bankmanagerlogin" name="addCurrency" time="3.318"/>
  <testcase classname="com.demo.Bankmanagerlogin" name="loginPage_02" time="22.492"/>
  <system-out>
    <![CDATA[loginPageexicution is pass
addCurrencyexicution is pass
loginPage_02exicution is pass]]>
  </system-out>
</testsuite> <!-- com.demo.Bankmanagerlogin -->
