<?xml version="1.0" encoding="UTF-8"?>
<!-- Generated by org.testng.reporters.JUnitReportReporter -->
<testsuite hostname="DESKTOP-3OK3SMK" failures="0" tests="3" name="com.demo.Bankmanagerlogin" time="34.232" errors="0" timestamp="2023-11-28T11:55:51 IST" skipped="0">
  <testcase classname="com.demo.Bankmanagerlogin" name="loginPage" time="6.170"/>
  <testcase classname="com.demo.Bankmanagerlogin" name="addCurrency" time="5.543"/>
  <testcase classname="com.demo.Bankmanagerlogin" name="loginPage_02" time="22.519"/>
  <system-out>
    <![CDATA[loginPageexicution is pass
addCurrencyexicution is pass
loginPage_02exicution is pass
loginexicution is pass]]>
  </system-out>
</testsuite> <!-- com.demo.Bankmanagerlogin -->
