<?xml version="1.0" encoding="UTF-8"?>
<!-- Generated by org.testng.reporters.JUnitReportReporter -->
<testsuite hostname="DESKTOP-3OK3SMK" failures="0" tests="1" name="com.demo.Loginpage" time="3.969" errors="0" timestamp="2023-11-28T11:55:51 IST" skipped="0">
  <testcase classname="com.demo.Loginpage" name="login" time="3.969"/>
  <system-out>
    <![CDATA[loginPageexicution is pass
addCurrencyexicution is pass
loginPage_02exicution is pass
loginexicution is pass]]>
  </system-out>
</testsuite> <!-- com.demo.Loginpage -->
