<?xml version="1.0" encoding="UTF-8"?>
<!-- Generated by org.testng.reporters.JUnitReportReporter -->
<testsuite hostname="DESKTOP-3OK3SMK" failures="0" tests="1" name="com.demo.Loginpage" time="3.976" errors="0" timestamp="2023-11-28T10:55:11 IST" skipped="0">
  <testcase classname="com.demo.Loginpage" name="login" time="3.976"/>
  <system-out>
    <![CDATA[loginexicution is pass]]>
  </system-out>
</testsuite> <!-- com.demo.Loginpage -->
